<?xml version="1.0" encoding="UTF-8"?>
<testsuite name="pl.dowhankuniewski.SymulacjaTest" tests="40" skipped="0" failures="0" errors="0" timestamp="2021-06-16T13:57:39" hostname="WILCZEQQQQ-PC" time="0.067">
  <properties/>
  <testcase name="repetition 1 of 10" classname="pl.dowhankuniewski.SymulacjaTest" time="0.002"/>
  <testcase name="repetition 2 of 10" classname="pl.dowhankuniewski.SymulacjaTest" time="0.0"/>
  <testcase name="repetition 3 of 10" classname="pl.dowhankuniewski.SymulacjaTest" time="0.001"/>
  <testcase name="repetition 4 of 10" classname="pl.dowhankuniewski.SymulacjaTest" time="0.001"/>
  <testcase name="repetition 5 of 10" classname="pl.dowhankuniewski.SymulacjaTest" time="0.001"/>
  <testcase name="repetition 6 of 10" classname="pl.dowhankuniewski.SymulacjaTest" time="0.0"/>
  <testcase name="repetition 7 of 10" classname="pl.dowhankuniewski.SymulacjaTest" time="0.0"/>
  <testcase name="repetition 8 of 10" classname="pl.dowhankuniewski.SymulacjaTest" time="0.0"/>
  <testcase name="repetition 9 of 10" classname="pl.dowhankuniewski.SymulacjaTest" time="0.0"/>
  <testcase name="repetition 10 of 10" classname="pl.dowhankuniewski.SymulacjaTest" time="0.0"/>
  <testcase name="repetition 1 of 10" classname="pl.dowhankuniewski.SymulacjaTest" time="0.012"/>
  <testcase name="repetition 2 of 10" classname="pl.dowhankuniewski.SymulacjaTest" time="0.004"/>
  <testcase name="repetition 3 of 10" classname="pl.dowhankuniewski.SymulacjaTest" time="0.004"/>
  <testcase name="repetition 4 of 10" classname="pl.dowhankuniewski.SymulacjaTest" time="0.003"/>
  <testcase name="repetition 5 of 10" classname="pl.dowhankuniewski.SymulacjaTest" time="0.002"/>
  <testcase name="repetition 6 of 10" classname="pl.dowhankuniewski.SymulacjaTest" time="0.003"/>
  <testcase name="repetition 7 of 10" classname="pl.dowhankuniewski.SymulacjaTest" time="0.002"/>
  <testcase name="repetition 8 of 10" classname="pl.dowhankuniewski.SymulacjaTest" time="0.002"/>
  <testcase name="repetition 9 of 10" classname="pl.dowhankuniewski.SymulacjaTest" time="0.002"/>
  <testcase name="repetition 10 of 10" classname="pl.dowhankuniewski.SymulacjaTest" time="0.002"/>
  <testcase name="repetition 1 of 10" classname="pl.dowhankuniewski.SymulacjaTest" time="0.0"/>
  <testcase name="repetition 2 of 10" classname="pl.dowhankuniewski.SymulacjaTest" time="0.001"/>
  <testcase name="repetition 3 of 10" classname="pl.dowhankuniewski.SymulacjaTest" time="0.0"/>
  <testcase name="repetition 4 of 10" classname="pl.dowhankuniewski.SymulacjaTest" time="0.001"/>
  <testcase name="repetition 5 of 10" classname="pl.dowhankuniewski.SymulacjaTest" time="0.0"/>
  <testcase name="repetition 6 of 10" classname="pl.dowhankuniewski.SymulacjaTest" time="0.0"/>
  <testcase name="repetition 7 of 10" classname="pl.dowhankuniewski.SymulacjaTest" time="0.0"/>
  <testcase name="repetition 8 of 10" classname="pl.dowhankuniewski.SymulacjaTest" time="0.0"/>
  <testcase name="repetition 9 of 10" classname="pl.dowhankuniewski.SymulacjaTest" time="0.0"/>
  <testcase name="repetition 10 of 10" classname="pl.dowhankuniewski.SymulacjaTest" time="0.0"/>
  <testcase name="repetition 1 of 10" classname="pl.dowhankuniewski.SymulacjaTest" time="0.001"/>
  <testcase name="repetition 2 of 10" classname="pl.dowhankuniewski.SymulacjaTest" time="0.001"/>
  <testcase name="repetition 3 of 10" classname="pl.dowhankuniewski.SymulacjaTest" time="0.001"/>
  <testcase name="repetition 4 of 10" classname="pl.dowhankuniewski.SymulacjaTest" time="0.001"/>
  <testcase name="repetition 5 of 10" classname="pl.dowhankuniewski.SymulacjaTest" time="0.0"/>
  <testcase name="repetition 6 of 10" classname="pl.dowhankuniewski.SymulacjaTest" time="0.001"/>
  <testcase name="repetition 7 of 10" classname="pl.dowhankuniewski.SymulacjaTest" time="0.001"/>
  <testcase name="repetition 8 of 10" classname="pl.dowhankuniewski.SymulacjaTest" time="0.0"/>
  <testcase name="repetition 9 of 10" classname="pl.dowhankuniewski.SymulacjaTest" time="0.001"/>
  <testcase name="repetition 10 of 10" classname="pl.dowhankuniewski.SymulacjaTest" time="0.0"/>
  <system-out><![CDATA[]]></system-out>
  <system-err><![CDATA[]]></system-err>
</testsuite>
